0 info it worked if it ends with ok
1 verbose cli [ '/usr/local/bin/node',
1 verbose cli   '/usr/local/bin/npm',
1 verbose cli   'version',
1 verbose cli   'minor' ]
2 info using npm@2.0.0
3 info using node@v0.11.14
4 verbose stack Error: Git working directory not clean.
4 verbose stack M README.md
4 verbose stack     at /usr/local/lib/node_modules/npm/lib/version.js:91:33
4 verbose stack     at ChildProcess.exithandler (child_process.js:723:7)
4 verbose stack     at ChildProcess.emit (events.js:110:17)
4 verbose stack     at maybeClose (child_process.js:1000:16)
4 verbose stack     at Socket.<anonymous> (child_process.js:1168:11)
4 verbose stack     at Socket.emit (events.js:107:17)
4 verbose stack     at Pipe.close (net.js:461:12)
5 verbose cwd /Users/matuszewski/www/wave/ui/layer
6 error Darwin 13.4.0
7 error argv "/usr/local/bin/node" "/usr/local/bin/npm" "version" "minor"
8 error node v0.11.14
9 error npm  v2.0.0
10 error Git working directory not clean.
10 error M README.md
11 error If you need help, you may report this error at:
11 error     <http://github.com/npm/npm/issues>
12 verbose exit [ 1, true ]
